Arguments: 
  C:\Program Files\nodejs\node.exe C:\Program Files (x86)\Yarn\bin\yarn.js

PATH: 
  C:\Users\Dev\Desktop\CMDER\vendor\conemu-maximus5\ConEmu\Scripts;C:\Users\Dev\Desktop\CMDER\vendor\conemu-maximus5;C:\Users\Dev\Desktop\CMDER\vendor\conemu-maximus5\ConEmu;C:\ProgramData\DockerDesktop\version-bin;C:\Program Files\Docker\Docker\Resources\bin;C:\WINDOWS\system32;C:\WINDOWS;C:\WINDOWS\System32\Wbem;C:\WINDOWS\System32\WindowsPowerShell\v1.0\;C:\ProgramData\chocolatey\bin;C:\Program Files\Git\cmd;C:\Python27;C:\Python27\Scripts;C:\Python3;C:\Python3\Scripts;C:\Program Files\Java\jdk1.8.0_231\bin;C:\Users\Dev\AppData\Local\Android\Sdk\platform-tools;C:\WINDOWS\System32\OpenSSH\;C:\Program Files\nodejs\;C:\Program Files (x86)\NVIDIA Corporation\PhysX\Common;C:\Program Files\NVIDIA Corporation\NVIDIA NvDLISR;C:\Program Files (x86)\Yarn\bin\;C:\Users\Dev\AppData\Local\Microsoft\WindowsApps;C:\Users\Dev\AppData\Local\Programs\Microsoft VS Code\bin;C:\Users\Dev\AppData\Roaming\npm;C:\Users\Dev\AppData\Local\Yarn\bin;C:\Program Files\Git\cmd;C:\Program Files\Git\mingw64\bin;C:\Program Files\Git\usr\bin;C:\Users\Dev\Desktop\CMDER\vendor\bin;C:\Users\Dev\Desktop\CMDER\bin;C:\Users\Dev\Desktop\CMDER;C:\Users\Dev\Desktop\CMDER\vendor\git-for-windows\cmd;C:\Users\Dev\Desktop\CMDER\vendor\git-for-windows\mingw64\bin;C:\Users\Dev\Desktop\CMDER\vendor\git-for-windows\usr\bin;C:\Users\Dev\Desktop\CMDER\vendor\bin;C:\Users\Dev\Desktop\CMDER

Yarn version: 
  1.21.1

Node version: 
  12.8.0

Platform: 
  win32 x64

Trace: 
  SyntaxError: C:\Users\Dev\AppData\Local\Yarn\Cache\v6\npm-fs-readdir-recursive-1.1.0-e32fc030a2ccee44a6b5371308da54be0b397d27-integrity\node_modules\fs-readdir-recursive\.yarn-metadata.json: Unexpected end of JSON input
      at JSON.parse (<anonymous>)
      at C:\Program Files (x86)\Yarn\lib\cli.js:1625:59
      at Generator.next (<anonymous>)
      at step (C:\Program Files (x86)\Yarn\lib\cli.js:310:30)
      at C:\Program Files (x86)\Yarn\lib\cli.js:321:13

npm manifest: 
  {
    "name": "react-bounds.js",
    "version": "1.0.4",
    "description": "Asynchronous boundary detection",
    "source": "src/index.ts",
    "main": "dist/index.js",
    "module": "dist/index.mjs",
    "scripts": {
      "build": "parcel build src/index.ts --out-file index.js",
      "build:micro": "microbundle"
    },
    "repository": {
      "type": "git",
      "url": "https://github.com/TecladistaProd/react-bounds.js.git"
    },
    "keywords": [
      "boundary",
      "scroll",
      "lazy",
      "load",
      "images",
      "bounds",
      "react"
    ],
    "author": "TecladistaProd",
    "license": "MIT",
    "dependencies": {
      "react": "^16.9.0",
      "react-dom": "^16.12.0"
    },
    "devDependencies": {
      "@babel/cli": "^7.7.4",
      "@babel/core": "^7.7.4",
      "@babel/preset-env": "^7.7.4",
      "@babel/preset-react": "^7.7.4",
      "@types/react": "^16.9.17",
      "@types/react-dom": "^16.9.4",
      "babel-preset-react-app": "^9.0.2",
      "microbundle": "^0.11.0",
      "parcel-bundler": "^1.12.4",
      "typescript": "^3.7.5"
    }
  }

yarn manifest: 
  No manifest

Lockfile: 
  No lockfile
